C:\USERS\JONAT_000\DOCUMENTS\GITHUB\PARTICLEGENERATOR\PARTICLE_GENERATOR\ESGIGL\BUILD\DEBUG GL2\CUBE.OBJ
C:\USERS\JONAT_000\DOCUMENTS\GITHUB\PARTICLEGENERATOR\PARTICLE_GENERATOR\ESGIGL\BUILD\DEBUG GL2\ESGIEGL.OBJ
C:\USERS\JONAT_000\DOCUMENTS\GITHUB\PARTICLEGENERATOR\PARTICLE_GENERATOR\ESGIGL\BUILD\DEBUG GL2\ESGIGL.OBJ
C:\USERS\JONAT_000\DOCUMENTS\GITHUB\PARTICLEGENERATOR\PARTICLE_GENERATOR\ESGIGL\BUILD\DEBUG GL2\ESGIMESH.OBJ
C:\USERS\JONAT_000\DOCUMENTS\GITHUB\PARTICLEGENERATOR\PARTICLE_GENERATOR\ESGIGL\BUILD\DEBUG GL2\ESGISHADER.OBJ
C:\USERS\JONAT_000\DOCUMENTS\GITHUB\PARTICLEGENERATOR\PARTICLE_GENERATOR\ESGIGL\BUILD\DEBUG GL2\ESGIUTILS.OBJ
C:\USERS\JONAT_000\DOCUMENTS\GITHUB\PARTICLEGENERATOR\PARTICLE_GENERATOR\ESGIGL\BUILD\DEBUG GL2\ESGIWINDOWS.OBJ
C:\USERS\JONAT_000\DOCUMENTS\GITHUB\PARTICLEGENERATOR\PARTICLE_GENERATOR\ESGIGL\BUILD\DEBUG GL2\ESGIWINEXTENSIONS.OBJ
C:\USERS\JONAT_000\DOCUMENTS\GITHUB\PARTICLEGENERATOR\PARTICLE_GENERATOR\ESGIGL\BUILD\DEBUG GL2\MATRIX.OBJ
C:\USERS\JONAT_000\DOCUMENTS\GITHUB\PARTICLEGENERATOR\PARTICLE_GENERATOR\ESGIGL\BUILD\DEBUG GL2\VC100.PDB
C:\USERS\JONAT_000\DOCUMENTS\GITHUB\PARTICLEGENERATOR\PARTICLE_GENERATOR\ESGIGL\LIBS\ESGIGL2DEBUG.LIB
E:\ParticleGenerator-master (1)\ParticleGenerator-master\Particle_Generator\EsgiGL\build\Debug GL2\cl.command.1.tlog
E:\ParticleGenerator-master (1)\ParticleGenerator-master\Particle_Generator\EsgiGL\build\Debug GL2\CL.read.1.tlog
E:\ParticleGenerator-master (1)\ParticleGenerator-master\Particle_Generator\EsgiGL\build\Debug GL2\CL.write.1.tlog
E:\PARTICLEGENERATOR-MASTER (1)\PARTICLEGENERATOR-MASTER\PARTICLE_GENERATOR\ESGIGL\BUILD\DEBUG GL2\CUBE.OBJ
E:\PARTICLEGENERATOR-MASTER (1)\PARTICLEGENERATOR-MASTER\PARTICLE_GENERATOR\ESGIGL\BUILD\DEBUG GL2\ESGIEGL.OBJ
E:\PARTICLEGENERATOR-MASTER (1)\PARTICLEGENERATOR-MASTER\PARTICLE_GENERATOR\ESGIGL\BUILD\DEBUG GL2\ESGIGL.OBJ
E:\ParticleGenerator-master (1)\ParticleGenerator-master\Particle_Generator\EsgiGL\build\Debug GL2\EsgiGL.vcxprojResolveAssemblyReference.cache
E:\ParticleGenerator-master (1)\ParticleGenerator-master\Particle_Generator\EsgiGL\build\Debug GL2\EsgiGL.write.1.tlog
E:\PARTICLEGENERATOR-MASTER (1)\PARTICLEGENERATOR-MASTER\PARTICLE_GENERATOR\ESGIGL\BUILD\DEBUG GL2\ESGIMESH.OBJ
E:\PARTICLEGENERATOR-MASTER (1)\PARTICLEGENERATOR-MASTER\PARTICLE_GENERATOR\ESGIGL\BUILD\DEBUG GL2\ESGISHADER.OBJ
E:\PARTICLEGENERATOR-MASTER (1)\PARTICLEGENERATOR-MASTER\PARTICLE_GENERATOR\ESGIGL\BUILD\DEBUG GL2\ESGIUTILS.OBJ
E:\PARTICLEGENERATOR-MASTER (1)\PARTICLEGENERATOR-MASTER\PARTICLE_GENERATOR\ESGIGL\BUILD\DEBUG GL2\ESGIWINDOWS.OBJ
E:\PARTICLEGENERATOR-MASTER (1)\PARTICLEGENERATOR-MASTER\PARTICLE_GENERATOR\ESGIGL\BUILD\DEBUG GL2\ESGIWINEXTENSIONS.OBJ
E:\ParticleGenerator-master (1)\ParticleGenerator-master\Particle_Generator\EsgiGL\build\Debug GL2\lib.command.1.tlog
E:\ParticleGenerator-master (1)\ParticleGenerator-master\Particle_Generator\EsgiGL\build\Debug GL2\Lib-link.read.1.tlog
E:\ParticleGenerator-master (1)\ParticleGenerator-master\Particle_Generator\EsgiGL\build\Debug GL2\Lib-link.write.1.tlog
E:\PARTICLEGENERATOR-MASTER (1)\PARTICLEGENERATOR-MASTER\PARTICLE_GENERATOR\ESGIGL\BUILD\DEBUG GL2\MATRIX.OBJ
E:\ParticleGenerator-master (1)\ParticleGenerator-master\Particle_Generator\EsgiGL\build\Debug GL2\vc100.idb
E:\PARTICLEGENERATOR-MASTER (1)\PARTICLEGENERATOR-MASTER\PARTICLE_GENERATOR\ESGIGL\BUILD\DEBUG GL2\VC100.PDB
E:\PARTICLEGENERATOR-MASTER (1)\PARTICLEGENERATOR-MASTER\PARTICLE_GENERATOR\ESGIGL\LIBS\ESGIGL2DEBUG.LIB
