c:\users\jonat_000\documents\visual studio 2010\Projects\Particle_Generator\Debug\Particle_Generator.pdb
c:\Users\jonat_000\documents\visual studio 2010\Projects\Particle_Generator\Particle_Generator\Debug\cl.command.1.tlog
c:\Users\jonat_000\documents\visual studio 2010\Projects\Particle_Generator\Particle_Generator\Debug\CL.read.1.tlog
c:\Users\jonat_000\documents\visual studio 2010\Projects\Particle_Generator\Particle_Generator\Debug\CL.write.1.tlog
c:\Users\jonat_000\documents\visual studio 2010\Projects\Particle_Generator\Particle_Generator\Debug\link.10032.read.1.tlog
c:\Users\jonat_000\documents\visual studio 2010\Projects\Particle_Generator\Particle_Generator\Debug\link.10032.read.3.tlog
c:\Users\jonat_000\documents\visual studio 2010\Projects\Particle_Generator\Particle_Generator\Debug\link.10032.write.1.tlog
c:\Users\jonat_000\documents\visual studio 2010\Projects\Particle_Generator\Particle_Generator\Debug\link.10032-cvtres.read.1.tlog
c:\Users\jonat_000\documents\visual studio 2010\Projects\Particle_Generator\Particle_Generator\Debug\link.10032-cvtres.write.1.tlog
c:\Users\jonat_000\documents\visual studio 2010\Projects\Particle_Generator\Particle_Generator\Debug\link.10324.read.1.tlog
c:\Users\jonat_000\documents\visual studio 2010\Projects\Particle_Generator\Particle_Generator\Debug\link.10324.read.3.tlog
c:\Users\jonat_000\documents\visual studio 2010\Projects\Particle_Generator\Particle_Generator\Debug\link.10324.write.1.tlog
c:\Users\jonat_000\documents\visual studio 2010\Projects\Particle_Generator\Particle_Generator\Debug\link.10324-cvtres.read.1.tlog
c:\Users\jonat_000\documents\visual studio 2010\Projects\Particle_Generator\Particle_Generator\Debug\link.10324-cvtres.write.1.tlog
c:\Users\jonat_000\documents\visual studio 2010\Projects\Particle_Generator\Particle_Generator\Debug\link.10392.read.1.tlog
c:\Users\jonat_000\documents\visual studio 2010\Projects\Particle_Generator\Particle_Generator\Debug\link.10392.read.3.tlog
c:\Users\jonat_000\documents\visual studio 2010\Projects\Particle_Generator\Particle_Generator\Debug\link.10392.write.1.tlog
c:\Users\jonat_000\documents\visual studio 2010\Projects\Particle_Generator\Particle_Generator\Debug\link.10392-cvtres.read.1.tlog
c:\Users\jonat_000\documents\visual studio 2010\Projects\Particle_Generator\Particle_Generator\Debug\link.10392-cvtres.write.1.tlog
c:\Users\jonat_000\documents\visual studio 2010\Projects\Particle_Generator\Particle_Generator\Debug\link.10640.read.1.tlog
c:\Users\jonat_000\documents\visual studio 2010\Projects\Particle_Generator\Particle_Generator\Debug\link.10640.read.3.tlog
c:\Users\jonat_000\documents\visual studio 2010\Projects\Particle_Generator\Particle_Generator\Debug\link.10640.write.1.tlog
c:\Users\jonat_000\documents\visual studio 2010\Projects\Particle_Generator\Particle_Generator\Debug\link.10640-cvtres.read.1.tlog
c:\Users\jonat_000\documents\visual studio 2010\Projects\Particle_Generator\Particle_Generator\Debug\link.10640-cvtres.write.1.tlog
c:\Users\jonat_000\documents\visual studio 2010\Projects\Particle_Generator\Particle_Generator\Debug\link.10664.read.1.tlog
c:\Users\jonat_000\documents\visual studio 2010\Projects\Particle_Generator\Particle_Generator\Debug\link.10664.read.3.tlog
c:\Users\jonat_000\documents\visual studio 2010\Projects\Particle_Generator\Particle_Generator\Debug\link.10664.write.1.tlog
c:\Users\jonat_000\documents\visual studio 2010\Projects\Particle_Generator\Particle_Generator\Debug\link.10664-cvtres.read.1.tlog
c:\Users\jonat_000\documents\visual studio 2010\Projects\Particle_Generator\Particle_Generator\Debug\link.10664-cvtres.write.1.tlog
c:\Users\jonat_000\documents\visual studio 2010\Projects\Particle_Generator\Particle_Generator\Debug\link.10696.read.1.tlog
c:\Users\jonat_000\documents\visual studio 2010\Projects\Particle_Generator\Particle_Generator\Debug\link.10696.read.3.tlog
c:\Users\jonat_000\documents\visual studio 2010\Projects\Particle_Generator\Particle_Generator\Debug\link.10696.write.1.tlog
c:\Users\jonat_000\documents\visual studio 2010\Projects\Particle_Generator\Particle_Generator\Debug\link.10696-cvtres.read.1.tlog
c:\Users\jonat_000\documents\visual studio 2010\Projects\Particle_Generator\Particle_Generator\Debug\link.10696-cvtres.write.1.tlog
c:\Users\jonat_000\documents\visual studio 2010\Projects\Particle_Generator\Particle_Generator\Debug\link.11124.read.1.tlog
c:\Users\jonat_000\documents\visual studio 2010\Projects\Particle_Generator\Particle_Generator\Debug\link.11124.read.3.tlog
c:\Users\jonat_000\documents\visual studio 2010\Projects\Particle_Generator\Particle_Generator\Debug\link.11124.write.1.tlog
c:\Users\jonat_000\documents\visual studio 2010\Projects\Particle_Generator\Particle_Generator\Debug\link.11124-cvtres.read.1.tlog
c:\Users\jonat_000\documents\visual studio 2010\Projects\Particle_Generator\Particle_Generator\Debug\link.11124-cvtres.write.1.tlog
c:\Users\jonat_000\documents\visual studio 2010\Projects\Particle_Generator\Particle_Generator\Debug\link.200.read.1.tlog
c:\Users\jonat_000\documents\visual studio 2010\Projects\Particle_Generator\Particle_Generator\Debug\link.200.write.1.tlog
c:\Users\jonat_000\documents\visual studio 2010\Projects\Particle_Generator\Particle_Generator\Debug\link.200-cvtres.read.1.tlog
c:\Users\jonat_000\documents\visual studio 2010\Projects\Particle_Generator\Particle_Generator\Debug\link.200-cvtres.write.1.tlog
c:\Users\jonat_000\documents\visual studio 2010\Projects\Particle_Generator\Particle_Generator\Debug\link.3672.read.1.tlog
c:\Users\jonat_000\documents\visual studio 2010\Projects\Particle_Generator\Particle_Generator\Debug\link.3672.read.3.tlog
c:\Users\jonat_000\documents\visual studio 2010\Projects\Particle_Generator\Particle_Generator\Debug\link.3672.write.1.tlog
c:\Users\jonat_000\documents\visual studio 2010\Projects\Particle_Generator\Particle_Generator\Debug\link.3672-cvtres.read.1.tlog
c:\Users\jonat_000\documents\visual studio 2010\Projects\Particle_Generator\Particle_Generator\Debug\link.3672-cvtres.write.1.tlog
c:\Users\jonat_000\documents\visual studio 2010\Projects\Particle_Generator\Particle_Generator\Debug\link.4148.read.1.tlog
c:\Users\jonat_000\documents\visual studio 2010\Projects\Particle_Generator\Particle_Generator\Debug\link.4148.read.3.tlog
c:\Users\jonat_000\documents\visual studio 2010\Projects\Particle_Generator\Particle_Generator\Debug\link.4148.write.1.tlog
c:\Users\jonat_000\documents\visual studio 2010\Projects\Particle_Generator\Particle_Generator\Debug\link.4148-cvtres.read.1.tlog
c:\Users\jonat_000\documents\visual studio 2010\Projects\Particle_Generator\Particle_Generator\Debug\link.4148-cvtres.write.1.tlog
c:\Users\jonat_000\documents\visual studio 2010\Projects\Particle_Generator\Particle_Generator\Debug\link.4668.read.1.tlog
c:\Users\jonat_000\documents\visual studio 2010\Projects\Particle_Generator\Particle_Generator\Debug\link.4668.read.3.tlog
c:\Users\jonat_000\documents\visual studio 2010\Projects\Particle_Generator\Particle_Generator\Debug\link.4668.write.1.tlog
c:\Users\jonat_000\documents\visual studio 2010\Projects\Particle_Generator\Particle_Generator\Debug\link.4668-cvtres.read.1.tlog
c:\Users\jonat_000\documents\visual studio 2010\Projects\Particle_Generator\Particle_Generator\Debug\link.4668-cvtres.write.1.tlog
c:\Users\jonat_000\documents\visual studio 2010\Projects\Particle_Generator\Particle_Generator\Debug\link.480.read.1.tlog
c:\Users\jonat_000\documents\visual studio 2010\Projects\Particle_Generator\Particle_Generator\Debug\link.480.read.3.tlog
c:\Users\jonat_000\documents\visual studio 2010\Projects\Particle_Generator\Particle_Generator\Debug\link.480.write.1.tlog
c:\Users\jonat_000\documents\visual studio 2010\Projects\Particle_Generator\Particle_Generator\Debug\link.480-cvtres.read.1.tlog
c:\Users\jonat_000\documents\visual studio 2010\Projects\Particle_Generator\Particle_Generator\Debug\link.480-cvtres.write.1.tlog
c:\Users\jonat_000\documents\visual studio 2010\Projects\Particle_Generator\Particle_Generator\Debug\link.5532.read.1.tlog
c:\Users\jonat_000\documents\visual studio 2010\Projects\Particle_Generator\Particle_Generator\Debug\link.5532.write.1.tlog
c:\Users\jonat_000\documents\visual studio 2010\Projects\Particle_Generator\Particle_Generator\Debug\link.5532-cvtres.read.1.tlog
c:\Users\jonat_000\documents\visual studio 2010\Projects\Particle_Generator\Particle_Generator\Debug\link.5532-cvtres.write.1.tlog
c:\Users\jonat_000\documents\visual studio 2010\Projects\Particle_Generator\Particle_Generator\Debug\link.6032.read.1.tlog
c:\Users\jonat_000\documents\visual studio 2010\Projects\Particle_Generator\Particle_Generator\Debug\link.6032.read.3.tlog
c:\Users\jonat_000\documents\visual studio 2010\Projects\Particle_Generator\Particle_Generator\Debug\link.6032.write.1.tlog
c:\Users\jonat_000\documents\visual studio 2010\Projects\Particle_Generator\Particle_Generator\Debug\link.6032-cvtres.read.1.tlog
c:\Users\jonat_000\documents\visual studio 2010\Projects\Particle_Generator\Particle_Generator\Debug\link.6032-cvtres.write.1.tlog
c:\Users\jonat_000\documents\visual studio 2010\Projects\Particle_Generator\Particle_Generator\Debug\link.6776.read.1.tlog
c:\Users\jonat_000\documents\visual studio 2010\Projects\Particle_Generator\Particle_Generator\Debug\link.6776.read.3.tlog
c:\Users\jonat_000\documents\visual studio 2010\Projects\Particle_Generator\Particle_Generator\Debug\link.6776.write.1.tlog
c:\Users\jonat_000\documents\visual studio 2010\Projects\Particle_Generator\Particle_Generator\Debug\link.6776-cvtres.read.1.tlog
c:\Users\jonat_000\documents\visual studio 2010\Projects\Particle_Generator\Particle_Generator\Debug\link.6776-cvtres.write.1.tlog
c:\Users\jonat_000\documents\visual studio 2010\Projects\Particle_Generator\Particle_Generator\Debug\link.7784.read.1.tlog
c:\Users\jonat_000\documents\visual studio 2010\Projects\Particle_Generator\Particle_Generator\Debug\link.7784.read.3.tlog
c:\Users\jonat_000\documents\visual studio 2010\Projects\Particle_Generator\Particle_Generator\Debug\link.7784.write.1.tlog
c:\Users\jonat_000\documents\visual studio 2010\Projects\Particle_Generator\Particle_Generator\Debug\link.7784-cvtres.read.1.tlog
c:\Users\jonat_000\documents\visual studio 2010\Projects\Particle_Generator\Particle_Generator\Debug\link.7784-cvtres.write.1.tlog
c:\Users\jonat_000\documents\visual studio 2010\Projects\Particle_Generator\Particle_Generator\Debug\link.8352.read.1.tlog
c:\Users\jonat_000\documents\visual studio 2010\Projects\Particle_Generator\Particle_Generator\Debug\link.8352.read.3.tlog
c:\Users\jonat_000\documents\visual studio 2010\Projects\Particle_Generator\Particle_Generator\Debug\link.8352.write.1.tlog
c:\Users\jonat_000\documents\visual studio 2010\Projects\Particle_Generator\Particle_Generator\Debug\link.8352-cvtres.read.1.tlog
c:\Users\jonat_000\documents\visual studio 2010\Projects\Particle_Generator\Particle_Generator\Debug\link.8352-cvtres.write.1.tlog
c:\Users\jonat_000\documents\visual studio 2010\Projects\Particle_Generator\Particle_Generator\Debug\link.8356.read.1.tlog
c:\Users\jonat_000\documents\visual studio 2010\Projects\Particle_Generator\Particle_Generator\Debug\link.8356.read.3.tlog
c:\Users\jonat_000\documents\visual studio 2010\Projects\Particle_Generator\Particle_Generator\Debug\link.8356.write.1.tlog
c:\Users\jonat_000\documents\visual studio 2010\Projects\Particle_Generator\Particle_Generator\Debug\link.8356-cvtres.read.1.tlog
c:\Users\jonat_000\documents\visual studio 2010\Projects\Particle_Generator\Particle_Generator\Debug\link.8356-cvtres.write.1.tlog
c:\Users\jonat_000\documents\visual studio 2010\Projects\Particle_Generator\Particle_Generator\Debug\link.8548.read.1.tlog
c:\Users\jonat_000\documents\visual studio 2010\Projects\Particle_Generator\Particle_Generator\Debug\link.8548.read.3.tlog
c:\Users\jonat_000\documents\visual studio 2010\Projects\Particle_Generator\Particle_Generator\Debug\link.8548.write.1.tlog
c:\Users\jonat_000\documents\visual studio 2010\Projects\Particle_Generator\Particle_Generator\Debug\link.8548-cvtres.read.1.tlog
c:\Users\jonat_000\documents\visual studio 2010\Projects\Particle_Generator\Particle_Generator\Debug\link.8548-cvtres.write.1.tlog
c:\Users\jonat_000\documents\visual studio 2010\Projects\Particle_Generator\Particle_Generator\Debug\link.8724.read.1.tlog
c:\Users\jonat_000\documents\visual studio 2010\Projects\Particle_Generator\Particle_Generator\Debug\link.8724.read.3.tlog
c:\Users\jonat_000\documents\visual studio 2010\Projects\Particle_Generator\Particle_Generator\Debug\link.8724.write.1.tlog
c:\Users\jonat_000\documents\visual studio 2010\Projects\Particle_Generator\Particle_Generator\Debug\link.8724-cvtres.read.1.tlog
c:\Users\jonat_000\documents\visual studio 2010\Projects\Particle_Generator\Particle_Generator\Debug\link.8724-cvtres.write.1.tlog
c:\Users\jonat_000\documents\visual studio 2010\Projects\Particle_Generator\Particle_Generator\Debug\link.8772.read.1.tlog
c:\Users\jonat_000\documents\visual studio 2010\Projects\Particle_Generator\Particle_Generator\Debug\link.8772.read.3.tlog
c:\Users\jonat_000\documents\visual studio 2010\Projects\Particle_Generator\Particle_Generator\Debug\link.8772.write.1.tlog
c:\Users\jonat_000\documents\visual studio 2010\Projects\Particle_Generator\Particle_Generator\Debug\link.8772-cvtres.read.1.tlog
c:\Users\jonat_000\documents\visual studio 2010\Projects\Particle_Generator\Particle_Generator\Debug\link.8772-cvtres.write.1.tlog
c:\Users\jonat_000\documents\visual studio 2010\Projects\Particle_Generator\Particle_Generator\Debug\link.8808.read.1.tlog
c:\Users\jonat_000\documents\visual studio 2010\Projects\Particle_Generator\Particle_Generator\Debug\link.8808.read.3.tlog
c:\Users\jonat_000\documents\visual studio 2010\Projects\Particle_Generator\Particle_Generator\Debug\link.8808.write.1.tlog
c:\Users\jonat_000\documents\visual studio 2010\Projects\Particle_Generator\Particle_Generator\Debug\link.8808-cvtres.read.1.tlog
c:\Users\jonat_000\documents\visual studio 2010\Projects\Particle_Generator\Particle_Generator\Debug\link.8808-cvtres.write.1.tlog
c:\Users\jonat_000\documents\visual studio 2010\Projects\Particle_Generator\Particle_Generator\Debug\link.9168.read.1.tlog
c:\Users\jonat_000\documents\visual studio 2010\Projects\Particle_Generator\Particle_Generator\Debug\link.9168.read.3.tlog
c:\Users\jonat_000\documents\visual studio 2010\Projects\Particle_Generator\Particle_Generator\Debug\link.9168.write.1.tlog
c:\Users\jonat_000\documents\visual studio 2010\Projects\Particle_Generator\Particle_Generator\Debug\link.9168-cvtres.read.1.tlog
c:\Users\jonat_000\documents\visual studio 2010\Projects\Particle_Generator\Particle_Generator\Debug\link.9168-cvtres.write.1.tlog
c:\Users\jonat_000\documents\visual studio 2010\Projects\Particle_Generator\Particle_Generator\Debug\link.9304.read.1.tlog
c:\Users\jonat_000\documents\visual studio 2010\Projects\Particle_Generator\Particle_Generator\Debug\link.9304.read.3.tlog
c:\Users\jonat_000\documents\visual studio 2010\Projects\Particle_Generator\Particle_Generator\Debug\link.9304.write.1.tlog
c:\Users\jonat_000\documents\visual studio 2010\Projects\Particle_Generator\Particle_Generator\Debug\link.9304-cvtres.read.1.tlog
c:\Users\jonat_000\documents\visual studio 2010\Projects\Particle_Generator\Particle_Generator\Debug\link.9304-cvtres.write.1.tlog
c:\Users\jonat_000\documents\visual studio 2010\Projects\Particle_Generator\Particle_Generator\Debug\link.9808.read.1.tlog
c:\Users\jonat_000\documents\visual studio 2010\Projects\Particle_Generator\Particle_Generator\Debug\link.9808.read.3.tlog
c:\Users\jonat_000\documents\visual studio 2010\Projects\Particle_Generator\Particle_Generator\Debug\link.9808.write.1.tlog
c:\Users\jonat_000\documents\visual studio 2010\Projects\Particle_Generator\Particle_Generator\Debug\link.9808-cvtres.read.1.tlog
c:\Users\jonat_000\documents\visual studio 2010\Projects\Particle_Generator\Particle_Generator\Debug\link.9808-cvtres.write.1.tlog
c:\Users\jonat_000\documents\visual studio 2010\Projects\Particle_Generator\Particle_Generator\Debug\link.9856.read.1.tlog
c:\Users\jonat_000\documents\visual studio 2010\Projects\Particle_Generator\Particle_Generator\Debug\link.9856.read.3.tlog
c:\Users\jonat_000\documents\visual studio 2010\Projects\Particle_Generator\Particle_Generator\Debug\link.9856.write.1.tlog
c:\Users\jonat_000\documents\visual studio 2010\Projects\Particle_Generator\Particle_Generator\Debug\link.9856-cvtres.read.1.tlog
c:\Users\jonat_000\documents\visual studio 2010\Projects\Particle_Generator\Particle_Generator\Debug\link.9856-cvtres.write.1.tlog
c:\Users\jonat_000\documents\visual studio 2010\Projects\Particle_Generator\Particle_Generator\Debug\link.9952.read.1.tlog
c:\Users\jonat_000\documents\visual studio 2010\Projects\Particle_Generator\Particle_Generator\Debug\link.9952.read.3.tlog
c:\Users\jonat_000\documents\visual studio 2010\Projects\Particle_Generator\Particle_Generator\Debug\link.9952.write.1.tlog
c:\Users\jonat_000\documents\visual studio 2010\Projects\Particle_Generator\Particle_Generator\Debug\link.9952-cvtres.read.1.tlog
c:\Users\jonat_000\documents\visual studio 2010\Projects\Particle_Generator\Particle_Generator\Debug\link.9952-cvtres.write.1.tlog
c:\Users\jonat_000\documents\visual studio 2010\Projects\Particle_Generator\Particle_Generator\Debug\link.command.1.tlog
c:\Users\jonat_000\documents\visual studio 2010\Projects\Particle_Generator\Particle_Generator\Debug\link.read.1.tlog
c:\Users\jonat_000\documents\visual studio 2010\Projects\Particle_Generator\Particle_Generator\Debug\link.write.1.tlog
c:\Users\jonat_000\documents\visual studio 2010\Projects\Particle_Generator\Particle_Generator\Debug\link-cvtres.read.1.tlog
c:\Users\jonat_000\documents\visual studio 2010\Projects\Particle_Generator\Particle_Generator\Debug\link-cvtres.write.1.tlog
C:\USERS\JONAT_000\DOCUMENTS\VISUAL STUDIO 2010\PROJECTS\PARTICLE_GENERATOR\PARTICLE_GENERATOR\DEBUG\MAIN.OBJ
c:\Users\jonat_000\documents\visual studio 2010\Projects\Particle_Generator\Particle_Generator\Debug\mt.command.1.tlog
c:\Users\jonat_000\documents\visual studio 2010\Projects\Particle_Generator\Particle_Generator\Debug\mt.read.1.tlog
c:\Users\jonat_000\documents\visual studio 2010\Projects\Particle_Generator\Particle_Generator\Debug\mt.write.1.tlog
C:\USERS\JONAT_000\DOCUMENTS\VISUAL STUDIO 2010\PROJECTS\PARTICLE_GENERATOR\PARTICLE_GENERATOR\DEBUG\PARTICLE_GENERATOR.EXE.EMBED.MANIFEST
C:\USERS\JONAT_000\DOCUMENTS\VISUAL STUDIO 2010\PROJECTS\PARTICLE_GENERATOR\PARTICLE_GENERATOR\DEBUG\PARTICLE_GENERATOR.EXE.EMBED.MANIFEST.RES
c:\Users\jonat_000\documents\visual studio 2010\Projects\Particle_Generator\Particle_Generator\Debug\Particle_Generator.exe.intermediate.manifest
c:\Users\jonat_000\documents\visual studio 2010\Projects\Particle_Generator\Particle_Generator\Debug\Particle_Generator.vcxprojResolveAssemblyReference.cache
c:\Users\jonat_000\documents\visual studio 2010\Projects\Particle_Generator\Particle_Generator\Debug\Particle_Generator.write.1.tlog
c:\Users\jonat_000\documents\visual studio 2010\Projects\Particle_Generator\Particle_Generator\Debug\Particle_Generator_manifest.rc
c:\Users\jonat_000\documents\visual studio 2010\Projects\Particle_Generator\Particle_Generator\Debug\rc.command.1.tlog
c:\Users\jonat_000\documents\visual studio 2010\Projects\Particle_Generator\Particle_Generator\Debug\rc.read.1.tlog
c:\Users\jonat_000\documents\visual studio 2010\Projects\Particle_Generator\Particle_Generator\Debug\rc.write.1.tlog
c:\Users\jonat_000\documents\visual studio 2010\Projects\Particle_Generator\Particle_Generator\Debug\vc100.idb
C:\USERS\JONAT_000\DOCUMENTS\VISUAL STUDIO 2010\PROJECTS\PARTICLE_GENERATOR\PARTICLE_GENERATOR\DEBUG\VC100.PDB
