Build started 12/03/2014 22:05:56.
     1>Project "C:\Users\jonat_000\Documents\GitHub\ParticleGenerator\Particle_Generator\Particle_Generator\Particle_Generator.vcxproj" on node 2 (rebuild target(s)).
     1>_PrepareForClean:
         Deleting file "Debug\Particle_Generator.lastbuildstate".
       InitializeBuildStatus:
         Touching "Debug\Particle_Generator.unsuccessfulbuild".
       ClCompile:
         C:\Program Files (x86)\Microsoft Visual Studio 10.0\VC\bin\CL.exe /c /I..\EsgiGL /I..\EsgiGL\Libs /ZI /nologo /W3 /WX- /Od /Oy- /D WIN32 /D _DEBUG /D _CONSOLE /D _UNICODE /D UNICODE /Gm /EHsc /RTC1 /MDd /GS /fp:precise /Zc:wchar_t /Zc:forScope /Fo"Debug\\" /Fd"Debug\vc100.pdb" /Gd /TP /analyze- /errorReport:prompt main.cpp
         main.cpp
     1>c:\users\jonat_000\documents\github\particlegenerator\particle_generator\esgigl\common\esgitga.h(110): warning C4018: '<' : signed/unsigned mismatch
     1>c:\users\jonat_000\documents\github\particlegenerator\particle_generator\esgigl\common\esgitga.h(124): warning C4018: '<' : signed/unsigned mismatch
     1>c:\users\jonat_000\documents\github\particlegenerator\particle_generator\esgigl\common\esgitga.h(137): warning C4018: '<' : signed/unsigned mismatch
     1>c:\users\jonat_000\documents\github\particlegenerator\particle_generator\esgigl\common\esgitga.h(151): warning C4018: '<' : signed/unsigned mismatch
     1>c:\users\jonat_000\documents\github\particlegenerator\particle_generator\esgigl\common\esgitga.h(161): warning C4018: '<' : signed/unsigned mismatch
     1>c:\users\jonat_000\documents\github\particlegenerator\particle_generator\esgigl\common\esgitga.h(210): warning C4018: '<' : signed/unsigned mismatch
     1>c:\users\jonat_000\documents\github\particlegenerator\particle_generator\esgigl\common\esgitga.h(227): warning C4996: 'fopen': This function or variable may be unsafe. Consider using fopen_s instead. To disable deprecation, use _CRT_SECURE_NO_WARNINGS. See online help for details.
                 c:\program files (x86)\microsoft visual studio 10.0\vc\include\stdio.h(234) : see declaration of 'fopen'
     1>c:\users\jonat_000\documents\github\particlegenerator\particle_generator\particle_generator\main.cpp(52): warning C4244: 'initializing' : conversion from 'float' to 'const int', possible loss of data
     1>c:\users\jonat_000\documents\github\particlegenerator\particle_generator\particle_generator\main.cpp(53): warning C4244: 'initializing' : conversion from 'float' to 'const int', possible loss of data
     1>c:\users\jonat_000\documents\github\particlegenerator\particle_generator\particle_generator\main.cpp(82): warning C4018: '<' : signed/unsigned mismatch
     1>c:\users\jonat_000\documents\github\particlegenerator\particle_generator\particle_generator\main.cpp(145): warning C4018: '<' : signed/unsigned mismatch
     1>c:\users\jonat_000\documents\github\particlegenerator\particle_generator\particle_generator\main.cpp(281): warning C4244: '=' : conversion from 'int' to 'float', possible loss of data
     1>c:\users\jonat_000\documents\github\particlegenerator\particle_generator\particle_generator\main.cpp(282): warning C4244: '=' : conversion from 'int' to 'float', possible loss of data
       Link:
         C:\Program Files (x86)\Microsoft Visual Studio 10.0\VC\bin\link.exe /ERRORREPORT:PROMPT /OUT:"C:\Users\jonat_000\Documents\GitHub\ParticleGenerator\Particle_Generator\Debug\Particle_Generator.exe" /INCREMENTAL:NO /NOLOGO /LIBPATH:../EsgiGL/Libs esgiGL2debug.lib kernel32.lib user32.lib gdi32.lib winspool.lib comdlg32.lib advapi32.lib shell32.lib ole32.lib oleaut32.lib uuid.lib odbc32.lib odbccp32.lib /MANIFEST /ManifestFile:"Debug\Particle_Generator.exe.intermediate.manifest" /MANIFESTUAC:"level='asInvoker' uiAccess='false'" /DEBUG /PDB:"C:\Users\jonat_000\Documents\GitHub\ParticleGenerator\Particle_Generator\Debug\Particle_Generator.pdb" /SUBSYSTEM:CONSOLE /TLBID:1 /DYNAMICBASE /NXCOMPAT /IMPLIB:"C:\Users\jonat_000\Documents\GitHub\ParticleGenerator\Particle_Generator\Debug\Particle_Generator.lib" /MACHINE:X86 Debug\main.obj
     1>main.obj : warning LNK4075: ignoring '/EDITANDCONTINUE' due to '/INCREMENTAL:NO' specification
         Particle_Generator.vcxproj -> C:\Users\jonat_000\Documents\GitHub\ParticleGenerator\Particle_Generator\Debug\Particle_Generator.exe
       Manifest:
         C:\Program Files (x86)\Microsoft SDKs\Windows\v7.0A\bin\mt.exe /nologo /verbose /outputresource:"C:\Users\jonat_000\Documents\GitHub\ParticleGenerator\Particle_Generator\Debug\Particle_Generator.exe;#1" /manifest Debug\Particle_Generator.exe.intermediate.manifest
       FinalizeBuildStatus:
         Deleting file "Debug\Particle_Generator.unsuccessfulbuild".
         Touching "Debug\Particle_Generator.lastbuildstate".
     1>Done Building Project "C:\Users\jonat_000\Documents\GitHub\ParticleGenerator\Particle_Generator\Particle_Generator\Particle_Generator.vcxproj" (rebuild target(s)).

Build succeeded.

Time Elapsed 00:00:00.81
